<?xml version="1.0" encoding="UTF-8"?>
<!-- Generated by org.testng.reporters.JUnitReportReporter -->
<testsuite hostname="LAPTOP-7A23BLBV" failures="0" tests="1" name="PageObjectModel.SignInAmazon1" time="18.882" errors="0" timestamp="2021-12-08T22:40:56 EST" skipped="0">
  <testcase classname="PageObjectModel.SignInAmazon1" name="f" time="18.882"/>
  <system-out/>
</testsuite> <!-- PageObjectModel.SignInAmazon1 -->
