<?xml version="1.0" encoding="UTF-8"?>
<!-- Generated by org.testng.reporters.JUnitReportReporter -->
<testsuite hostname="LAPTOP-7A23BLBV" failures="0" tests="1" name="PageObjectModel.SignInAmazon" time="3.305" errors="0" timestamp="2021-12-08T21:48:22 EST" skipped="0">
  <testcase classname="PageObjectModel.SignInAmazon" name="f" time="3.305"/>
  <system-out/>
</testsuite> <!-- PageObjectModel.SignInAmazon -->
