<?xml version="1.0" encoding="UTF-8"?>
<!-- Generated by org.testng.reporters.JUnitReportReporter -->
<testsuite hostname="LAPTOP-7A23BLBV" failures="0" tests="1" name="PeopeNTech.Automationtraining.NewTestAnnotations" time="0.004" errors="0" timestamp="2021-12-08T19:41:20 EST" skipped="0">
  <testcase classname="PeopeNTech.Automationtraining.NewTestAnnotations" name="f" time="0.004"/>
  <system-out/>
</testsuite> <!-- PeopeNTech.Automationtraining.NewTestAnnotations -->
